#
# A fatal error has been detected by the Java Runtime Environment:
#
#  Internal Error (javaClasses.cpp:129), pid=5840, tid=4940
#  fatal error: Invalid layout of preloaded class
#
# JRE version: 7.0_25-b17
# Java VM: Java HotSpot(TM) 64-Bit Server VM (23.25-b01 mixed mode windows-amd64 compressed oops)
# Failed to write core dump. Minidumps are not enabled by default on client versions of Windows
#
# If you would like to submit a bug report, please visit:
#   http://bugreport.sun.com/bugreport/crash.jsp
#

---------------  T H R E A D  ---------------

Current thread (0x000000000013d000):  JavaThread "Unknown thread" [_thread_in_vm, id=4940, stack(0x00000000025c0000,0x00000000026c0000)]

Stack: [0x00000000025c0000,0x00000000026c0000]

---------------  P R O C E S S  ---------------

Java Threads: ( => current thread )

Other Threads:

=>0x000000000013d000 (exited) JavaThread "Unknown thread" [_thread_in_vm, id=4940, stack(0x00000000025c0000,0x00000000026c0000)]

VM state:not at safepoint (not fully initialized)

VM Mutex/Monitor currently owned by a thread: None

GC Heap History (0 events):
No events

Deoptimization events (0 events):
No events

Internal exceptions (0 events):
No events

Events (10 events):
Event: 0.007 loading class 0x00000000022e0a20 done
Event: 0.007 loading class 0x00000000022a2da0 done
Event: 0.007 loading class 0x00000000022a2d70
Event: 0.008 loading class 0x00000000022e96a0
Event: 0.008 loading class 0x00000000022e96a0 done
Event: 0.008 loading class 0x00000000022e96e0
Event: 0.008 loading class 0x00000000022e96e0 done
Event: 0.008 loading class 0x0000000010adf210
Event: 0.008 loading class 0x0000000010adf210 done
Event: 0.008 loading class 0x00000000022a2d70 done


Dynamic libraries:
0x000000013f0d0000 - 0x000000013f103000 	C:\Program Files\Java\jre7\bin\javaw.exe
0x0000000076d50000 - 0x0000000076ef9000 	C:\Windows\SYSTEM32\ntdll.dll
0x0000000076c30000 - 0x0000000076d4f000 	C:\Windows\system32\kernel32.dll
0x000007fefcec0000 - 0x000007fefcf2b000 	C:\Windows\system32\KERNELBASE.dll
0x000007fefec10000 - 0x000007fefeceb000 	C:\Windows\system32\ADVAPI32.dll
0x000007fefcf40000 - 0x000007fefcfdf000 	C:\Windows\system32\msvcrt.dll
0x000007fefd950000 - 0x000007fefd96f000 	C:\Windows\SYSTEM32\sechost.dll
0x000007fefe8f0000 - 0x000007fefea1d000 	C:\Windows\system32\RPCRT4.dll
0x0000000076b30000 - 0x0000000076c2a000 	C:\Windows\system32\USER32.dll
0x000007fefd5d0000 - 0x000007fefd637000 	C:\Windows\system32\GDI32.dll
0x000007fefe810000 - 0x000007fefe81e000 	C:\Windows\system32\LPK.dll
0x000007fefe820000 - 0x000007fefe8e9000 	C:\Windows\system32\USP10.dll
0x000007fefbbd0000 - 0x000007fefbdc4000 	C:\Windows\WinSxS\amd64_microsoft.windows.common-controls_6595b64144ccf1df_6.0.7601.17514_none_fa396087175ac9ac\COMCTL32.dll
0x000007fefd550000 - 0x000007fefd5c1000 	C:\Windows\system32\SHLWAPI.dll
0x000007fefd520000 - 0x000007fefd54e000 	C:\Windows\system32\IMM32.DLL
0x000007fefe700000 - 0x000007fefe809000 	C:\Windows\system32\MSCTF.dll
0x000007fefcad0000 - 0x000007fefcb10000 	C:\Windows\system32\nvinitx.dll
0x0000000065ca0000 - 0x0000000065d71000 	C:\Program Files\Java\jre7\bin\msvcr100.dll
0x0000000065590000 - 0x0000000065c9f000 	C:\Program Files\Java\jre7\bin\server\jvm.dll
0x000007fef5e90000 - 0x000007fef5e99000 	C:\Windows\system32\WSOCK32.dll
0x000007fefea20000 - 0x000007fefea6d000 	C:\Windows\system32\WS2_32.dll
0x000007fefd470000 - 0x000007fefd478000 	C:\Windows\system32\NSI.dll
0x000007fef8d40000 - 0x000007fef8d7b000 	C:\Windows\system32\WINMM.dll
0x0000000076f20000 - 0x0000000076f27000 	C:\Windows\system32\PSAPI.DLL
0x0000000070c10000 - 0x0000000070c1f000 	C:\Program Files\Java\jre7\bin\verify.dll
0x0000000065e30000 - 0x0000000065e58000 	C:\Program Files\Java\jre7\bin\java.dll
0x000000006b310000 - 0x000000006b325000 	C:\Program Files\Java\jre7\bin\zip.dll

VM Arguments:
jvm_args: -Dfile.encoding=Cp1252 -Xbootclasspath:C:\Program Files\Android Eclipse Bundle\adt-bundle-windows-x86_64-20131030\sdk\platforms\android-19\android.jar 
java_command: edu.cs2340.supercoders.financialtracker.model.What
Launcher Type: SUN_STANDARD

Environment Variables:
JAVA_HOME=C:\Program Files\Java\jdk1.7.0_25
PATH=C:\PROGRAM FILES\COMMON FILES\MICROSOFT SHARED\WINDOWS LIVE;C:\PROGRAM FILES (X86)\COMMON FILES\MICROSOFT SHARED\WINDOWS LIVE;C:\PROGRAM FILES (X86)\INTEL\ICLS CLIENT\;C:\PROGRAM FILES\INTEL\ICLS CLIENT\;C:\Windows\SYSTEM32;C:\Windows;C:\Windows\SYSTEM32\WBEM;C:\Windows\SYSTEM32\WINDOWSPOWERSHELL\V1.0\;C:\PROGRAM FILES\INTEL\INTEL(R) MANAGEMENT ENGINE COMPONENTS\DAL;C:\PROGRAM FILES\INTEL\INTEL(R) MANAGEMENT ENGINE COMPONENTS\IPT;C:\PROGRAM FILES (X86)\INTEL\INTEL(R) MANAGEMENT ENGINE COMPONENTS\DAL;C:\PROGRAM FILES (X86)\INTEL\INTEL(R) MANAGEMENT ENGINE COMPONENTS\IPT;C:\PROGRAM FILES (X86)\INTEL\OPENCL SDK\2.0\BIN\X86;C:\PROGRAM FILES (X86)\INTEL\OPENCL SDK\2.0\BIN\X64;C:\PROGRAM FILES\COMMON FILES\LENOVO;C:\PROGRAM FILES (X86)\COMMON FILES\ULEAD SYSTEMS\MPEG;C:\PROGRAM FILES (X86)\WINDOWS LIVE\SHARED;C:\SWTOOLS\READYAPPS;C:\PROGRAM FILES (X86)\SYMANTEC\VIP ACCESS CLIENT\;C:\PROGRAM FILES (X86)\COMMON FILES\LENOVO;C:\Program Files\ThinkPad\Bluetooth Software\;C:\Program Files\ThinkPad\Bluetooth Software\syswow64;C:\Program Files\Intel\Intel(R) Management Engine Components\DAL;C:\Program Files\Intel\Intel(R) Management Engine Components\IPT;C:\Program Files (x86)\Intel\Intel(R) Management Engine Components\DAL;C:\Program Files (x86)\Intel\Intel(R) Management Engine Components\IPT;C:\Program Files (x86)\Lenovo\Access Connections\;C:\Program Files\Intel\WiFi\bin\;C:\Program Files\Common Files\Intel\WirelessCommon\;C:\Program Files (x86)\Intel\OpenCL SDK\2.0\bin\x86;C:\Program Files (x86)\Intel\OpenCL SDK\2.0\bin\x64;C:\Program Files (x86)\Calibre2\;C:\Program Files\TortoiseGit\bin;C:\Program Files (x86)\gradle-1.10\bin;C:\Program Files\Java\jdk1.7.0_25\bin;C:\Program Files (x86)\Windows Kits\8.1\Windows Performance Toolkit\;C:\Program Files\Microsoft SQL Server\110\Tools\Binn\;C:\Program Files\Intel\WiFi\bin\;C:\Program Files\Common Files\Intel\WirelessCommon\;
USERNAME=Kevin
OS=Windows_NT
PROCESSOR_IDENTIFIER=Intel64 Family 6 Model 58 Stepping 9, GenuineIntel



---------------  S Y S T E M  ---------------

OS: Windows 7 , 64 bit Build 7601 Service Pack 1

CPU:total 4 (2 cores per cpu, 2 threads per core) family 6 model 58 stepping 9, cmov, cx8, fxsr, mmx, sse, sse2, sse3, ssse3, sse4.1, sse4.2, popcnt, avx, ht, tsc, tscinvbit, tscinv

Memory: 4k page, physical 16466736k(12537064k free), swap 32931608k(28318764k free)

vm_info: Java HotSpot(TM) 64-Bit Server VM (23.25-b01) for windows-amd64 JRE (1.7.0_25-b17), built on Jun 21 2013 12:58:32 by "java_re" with unknown MS VC++:1600

time: Fri Apr 25 13:09:18 2014
elapsed time: 0 seconds

